<?xml version="1.0" encoding="UTF-8"?>
<!-- Generated by org.testng.reporters.JUnitXMLReporter -->
<testsuite ignored="1" hostname="RAGHAVENDRACHAR" failures="0" tests="5" name="Test1" time="48.589" errors="0" timestamp="2021-03-24T19:53:38 IST">
  <testcase classname="TestNgXmlInteraction.ParameterTest" name="BrowserInvoke" time="5.192"/>
  <testcase classname="TestNgXmlInteraction.ParameterTest" name="getUrl" time="8.053"/>
  <testcase classname="TestNgXmlInteraction.ParameterTest" name="parameter" time="2.109"/>
  <testcase classname="TestNgXmlInteraction.ParameterTest" name="ClickSearch" time="30.423"/>
  <testcase classname="TestNgXmlInteraction.ParameterTest" name="QuitBrowser" time="2.748"/>
  <testcase classname="TestNgXmlInteraction.ParameterTest" name="ViewItems" time="0.0">
    <ignored/>
  </testcase> <!-- ViewItems -->
</testsuite> <!-- Test1 -->
