<?xml version="1.0" encoding="UTF-8"?>
<!-- Generated by org.testng.reporters.JUnitXMLReporter -->
<testsuite ignored="1" hostname="RAGHAVENDRACHAR" failures="0" tests="5" name="Test1" time="32.707" errors="0" timestamp="2021-03-24T18:12:37 IST">
  <testcase classname="TestNgXmlInteraction.ParameterTest" name="BrowserInvoke" time="5.058"/>
  <testcase classname="TestNgXmlInteraction.ParameterTest" name="getUrl" time="13.947"/>
  <testcase classname="TestNgXmlInteraction.ParameterTest" name="parameter" time="2.13"/>
  <testcase classname="TestNgXmlInteraction.ParameterTest" name="ClickSearch" time="10.549"/>
  <testcase classname="TestNgXmlInteraction.ParameterTest" name="QuitBrowser" time="0.918"/>
  <testcase classname="TestNgXmlInteraction.ParameterTest" name="ViewItems" time="0.0">
    <ignored/>
  </testcase> <!-- ViewItems -->
</testsuite> <!-- Test1 -->
