<?xml version="1.0" encoding="UTF-8"?>
<!-- Generated by org.testng.reporters.JUnitXMLReporter -->
<testsuite ignored="0" hostname="RAGHAVENDRACHAR" failures="0" tests="5" name="Test" time="196.646" errors="0" timestamp="2021-03-24T00:07:01 IST">
  <testcase classname="Applications.TestSuites.RegressionSuite" name="TS_01" time="49.859"/>
  <testcase classname="Applications.TestSuites.RegressionSuite" name="TS_02" time="22.872"/>
  <testcase classname="Applications.TestSuites.RegressionSuite" name="TS_03" time="22.412"/>
  <testcase classname="Applications.TestSuites.RegressionSuite" name="TS_04" time="70.54"/>
  <testcase classname="Applications.TestSuites.RegressionSuite" name="TS_05" time="30.843"/>
</testsuite> <!-- Test -->
