<?xml version="1.0" encoding="UTF-8"?>
<testsuite xmlns:xsi="http://www.w3.org/2001/XMLSchema-instance" xsi:noNamespaceSchemaLocation="https://maven.apache.org/surefire/maven-surefire-plugin/xsd/surefire-test-report.xsd" name="TestSuite" time="49.777" tests="5" errors="0" skipped="0" failures="0">
  <properties>
[...]
</properties>
  <testcase name="BrowserInvoke" classname="TestNgXmlInteraction.ParameterTest" time="5.206"/>
  <testcase name="getUrl" classname="TestNgXmlInteraction.ParameterTest" time="8.028"/>
  <testcase name="parameter" classname="TestNgXmlInteraction.ParameterTest" time="2.111"/>
  <testcase name="ClickSearch" classname="TestNgXmlInteraction.ParameterTest" time="30.424"/>
  <testcase name="QuitBrowser" classname="TestNgXmlInteraction.ParameterTest" time="2.75"/>
</testsuite>