<?xml version="1.0" encoding="UTF-8"?>
<!-- Generated by org.testng.reporters.JUnitXMLReporter -->
<testsuite ignored="0" hostname="RAGHAVENDRACHAR" failures="0" tests="5" name="Test2" time="72.943" errors="0" timestamp="2021-03-24T18:15:27 IST">
  <testcase classname="TestNgXmlInteraction.Test1" name="test1" time="5.82"/>
  <testcase classname="TestNgXmlInteraction.Test1" name="test2" time="4.184"/>
  <testcase classname="TestNgXmlInteraction.Test1" name="test3" time="6.979"/>
  <testcase classname="TestNgXmlInteraction.Test1" name="test4" time="20.7"/>
  <testcase classname="TestNgXmlInteraction.Test1" name="test5" time="7.531"/>
</testsuite> <!-- Test2 -->
